[2023-03-07 03:49:27] production.ERROR: syntax error, unexpected end of file {"exception":"[object] (ParseError(code: 0): syntax error, unexpected end of file at /Users/franx/Development/jin_dashboard/serverside/phpserver/routes/web.php:93)
[stacktrace]
#0 /Users/franx/Development/jin_dashboard/serverside/phpserver/vendor/laravel/lumen-framework/src/Routing/Router.php(62): {closure}(Object(Laravel\\Lumen\\Routing\\Router))
#1 /Users/franx/Development/jin_dashboard/serverside/phpserver/bootstrap/app.php(113): Laravel\\Lumen\\Routing\\Router->group(Array, Object(Closure))
#2 /Users/franx/Development/jin_dashboard/serverside/phpserver/public/index.php(14): require('/Users/franx/De...')
#3 {main}
"} 
[2023-03-07 03:49:55] production.ERROR: syntax error, unexpected end of file {"exception":"[object] (ParseError(code: 0): syntax error, unexpected end of file at /Users/franx/Development/jin_dashboard/serverside/phpserver/routes/web.php:93)
[stacktrace]
#0 /Users/franx/Development/jin_dashboard/serverside/phpserver/vendor/laravel/lumen-framework/src/Routing/Router.php(62): {closure}(Object(Laravel\\Lumen\\Routing\\Router))
#1 /Users/franx/Development/jin_dashboard/serverside/phpserver/bootstrap/app.php(113): Laravel\\Lumen\\Routing\\Router->group(Array, Object(Closure))
#2 /Users/franx/Development/jin_dashboard/serverside/phpserver/public/index.php(14): require('/Users/franx/De...')
#3 {main}
"} 
[2023-03-07 03:50:43] production.ERROR: syntax error, unexpected end of file {"exception":"[object] (ParseError(code: 0): syntax error, unexpected end of file at /Users/franx/Development/jin_dashboard/serverside/phpserver/routes/web.php:93)
[stacktrace]
#0 /Users/franx/Development/jin_dashboard/serverside/phpserver/vendor/laravel/lumen-framework/src/Routing/Router.php(62): {closure}(Object(Laravel\\Lumen\\Routing\\Router))
#1 /Users/franx/Development/jin_dashboard/serverside/phpserver/bootstrap/app.php(113): Laravel\\Lumen\\Routing\\Router->group(Array, Object(Closure))
#2 /Users/franx/Development/jin_dashboard/serverside/phpserver/public/index.php(14): require('/Users/franx/De...')
#3 {main}
"} 
[2023-03-07 03:50:48] production.ERROR: syntax error, unexpected end of file {"exception":"[object] (ParseError(code: 0): syntax error, unexpected end of file at /Users/franx/Development/jin_dashboard/serverside/phpserver/routes/web.php:93)
[stacktrace]
#0 /Users/franx/Development/jin_dashboard/serverside/phpserver/vendor/laravel/lumen-framework/src/Routing/Router.php(62): {closure}(Object(Laravel\\Lumen\\Routing\\Router))
#1 /Users/franx/Development/jin_dashboard/serverside/phpserver/bootstrap/app.php(113): Laravel\\Lumen\\Routing\\Router->group(Array, Object(Closure))
#2 /Users/franx/Development/jin_dashboard/serverside/phpserver/public/index.php(14): require('/Users/franx/De...')
#3 {main}
"} 
[2023-03-07 03:52:27] production.ERROR: syntax error, unexpected end of file {"exception":"[object] (ParseError(code: 0): syntax error, unexpected end of file at /Users/franx/Development/jin_dashboard/serverside/phpserver/routes/web.php:93)
[stacktrace]
#0 /Users/franx/Development/jin_dashboard/serverside/phpserver/vendor/laravel/lumen-framework/src/Routing/Router.php(62): {closure}(Object(Laravel\\Lumen\\Routing\\Router))
#1 /Users/franx/Development/jin_dashboard/serverside/phpserver/bootstrap/app.php(113): Laravel\\Lumen\\Routing\\Router->group(Array, Object(Closure))
#2 /Users/franx/Development/jin_dashboard/serverside/phpserver/public/index.php(14): require('/Users/franx/De...')
#3 {main}
"} 
